<?xml version="1.0" encoding="UTF-8"?>
<!-- Generated by org.testng.reporters.JUnitReportReporter -->
<testsuite hostname="LAPTOP-7N76022A" failures="0" tests="1" name="com.prac.tests.AutoQuoteTest" time="42.722" errors="0" timestamp="02 Dec 2020 02:40:46 GMT" skipped="0">
  <testcase classname="com.prac.tests.AutoQuoteTest" name="autoQuoteTest" time="42.722"/>
</testsuite> <!-- com.prac.tests.AutoQuoteTest -->
