<?xml version="1.0" encoding="UTF-8"?>
<!-- Generated by org.testng.reporters.JUnitReportReporter -->
<testsuite hostname="LAPTOP-7N76022A" failures="0" tests="4" name="com.prac.tests.LoginTest" time="9.722" errors="0" timestamp="30 Oct 2020 02:17:51 GMT" skipped="0">
  <testcase classname="com.prac.tests.LoginTest" name="autoQuoteTest" time="9.607"/>
  <testcase classname="com.prac.tests.LoginTest" name="driverDetailsTest" time="0.035"/>
  <testcase classname="com.prac.tests.LoginTest" name="licenseDetailsTest" time="0.031"/>
  <testcase classname="com.prac.tests.LoginTest" name="vehicleDetailsTest" time="0.049"/>
</testsuite> <!-- com.prac.tests.LoginTest -->
