<?xml version="1.0" encoding="UTF-8"?>
<!-- Generated by org.testng.reporters.JUnitReportReporter -->
<testsuite hostname="LAPTOP-7N76022A" failures="0" tests="1" name="com.prac.tests.AutoQuoteTest" time="20.440" errors="0" timestamp="01 Nov 2020 23:32:27 GMT" skipped="0">
  <testcase classname="com.prac.tests.AutoQuoteTest" name="autoQuoteTest" time="20.440"/>
</testsuite> <!-- com.prac.tests.AutoQuoteTest -->
